2017-8-21 17:31:16[DEBUG](MemcachedUtil.java:17) 缓存实例化
2017-8-21 17:31:16[DEBUG](UserDaoImpl.java:23) 缓存中没有此对象！！
2017-8-21 17:31:17[DEBUG](UserTest.java:15) 第一次获取 走数据库:User [id=1, name=小黑1, password=admin]
2017-8-21 17:31:17[DEBUG](UserTest.java:17) 第2次获取 走缓存:User [id=1, name=小黑1, password=admin]
2017-8-21 17:31:17[DEBUG](MemcachedUtil.java:92) 127.0.0.1:11211={delete_hits=0
, bytes=256
, total_items=11
, rusage_system=0.078125
, listen_disabled_num=0
, evictions=0
, version=1.4.2
, pointer_size=64
, time=262878424
, incr_hits=0
, threads=4
, limit_maxbytes=67108864
, bytes_read=1923
, curr_connections=10
, get_misses=12
, bytes_written=9897
, connection_structures=11
, cas_hits=0
, delete_misses=0
, total_connections=28
, rusage_user=0.000000
, cmd_flush=9
, uptime=3054541328
, pid=7164
, cas_badval=0
, get_hits=23
, curr_items=2
, cas_misses=0
, accepting_conns=1
, cmd_get=23
, cmd_set=11
, incr_misses=0
, decr_misses=0
, decr_hits=0
, conn_yields=0
}
2017-8-21 17:31:17[DEBUG](UserTest.java:21) 清空了缓存
